# JRE version: Java(TM) SE Runtime Environment 18.9 (11.0.11+9) (build 11.0.11+9-LTS-194)
# Java VM: Java HotSpot(TM) 64-Bit Server VM 18.9 (11.0.11+9-LTS-194, mixed mode, tiered, compressed oops, g1 gc, windows-amd64)
Heap:
 garbage-first heap   total 63488K, used 32543K [0x00000000c2200000, 0x0000000100000000)
  region size 1024K, 25 young (25600K), 2 survivors (2048K)
 Metaspace       used 29235K, capacity 29877K, committed 29952K, reserved 1075200K
  class space    used 3536K, capacity 3792K, committed 3840K, reserved 1048576K
GC Heap History (8 events):
Event: 0.741 GC heap before
{Heap before GC invocations=0 (full 0):
 garbage-first heap   total 63488K, used 13312K [0x00000000c2200000, 0x0000000100000000)
  region size 1024K, 14 young (14336K), 0 survivors (0K)
 Metaspace       used 9417K, capacity 9574K, committed 9600K, reserved 1058816K
  class space    used 1068K, capacity 1128K, committed 1152K, reserved 1048576K
}
Event: 0.749 GC heap after
{Heap after GC invocations=1 (full 0):
 garbage-first heap   total 63488K, used 3303K [0x00000000c2200000, 0x0000000100000000)
  region size 1024K, 2 young (2048K), 2 survivors (2048K)
 Metaspace       used 9417K, capacity 9574K, committed 9600K, reserved 1058816K
  class space    used 1068K, capacity 1128K, committed 1152K, reserved 1048576K
}
Event: 2.800 GC heap before
{Heap before GC invocations=1 (full 0):
 garbage-first heap   total 63488K, used 39143K [0x00000000c2200000, 0x0000000100000000)
  region size 1024K, 37 young (37888K), 2 survivors (2048K)
 Metaspace       used 18483K, capacity 18777K, committed 18944K, reserved 1067008K
  class space    used 2108K, capacity 2213K, committed 2304K, reserved 1048576K
}
Event: 2.811 GC heap after
{Heap after GC invocations=2 (full 0):
 garbage-first heap   total 63488K, used 8333K [0x00000000c2200000, 0x0000000100000000)
  region size 1024K, 5 young (5120K), 5 survivors (5120K)
 Metaspace       used 18483K, capacity 18777K, committed 18944K, reserved 1067008K
  class space    used 2108K, capacity 2213K, committed 2304K, reserved 1048576K
}
Event: 3.105 GC heap before
{Heap before GC invocations=2 (full 0):
 garbage-first heap   total 63488K, used 13453K [0x00000000c2200000, 0x0000000100000000)
  region size 1024K, 11 young (11264K), 5 survivors (5120K)
 Metaspace       used 20867K, capacity 21148K, committed 21248K, reserved 1069056K
  class space    used 2421K, capacity 2514K, committed 2560K, reserved 1048576K
}
Event: 3.116 GC heap after
{Heap after GC invocations=3 (full 0):
 garbage-first heap   total 63488K, used 9242K [0x00000000c2200000, 0x0000000100000000)
  region size 1024K, 1 young (1024K), 1 survivors (1024K)
 Metaspace       used 20867K, capacity 21148K, committed 21248K, reserved 1069056K
  class space    used 2421K, capacity 2514K, committed 2560K, reserved 1048576K
}
Event: 5.137 GC heap before
{Heap before GC invocations=4 (full 0):
 garbage-first heap   total 63488K, used 29722K [0x00000000c2200000, 0x0000000100000000)
  region size 1024K, 21 young (21504K), 1 survivors (1024K)
 Metaspace       used 25471K, capacity 25929K, committed 26112K, reserved 1073152K
  class space    used 3053K, capacity 3236K, committed 3328K, reserved 1048576K
}
Event: 5.140 GC heap after
{Heap after GC invocations=5 (full 0):
 garbage-first heap   total 63488K, used 10015K [0x00000000c2200000, 0x0000000100000000)
  region size 1024K, 2 young (2048K), 2 survivors (2048K)
 Metaspace       used 25471K, capacity 25929K, committed 26112K, reserved 1073152K
  class space    used 3053K, capacity 3236K, committed 3328K, reserved 1048576K
}

